----------------------------- xHarbour Error Log ------------------------------

Date...............: 08/08/22
Time...............: 11:22:10

Application name...: teste.exe
Workstation name...: SP-22825
Available memory...: 2097151
Current disk.......: C
Current directory..: Omie\Dev\api_correios
Free disk space....: 169977761792

Operating system...: Windows NT Professional 6.02.9200
xHarbour version...: xHarbour build 1.2.1 Intl. (SimpLex) (Rev. 9438)
xHarbour built on..: Apr 16 2012 16:58:11
C/C++ compiler.....: XCC ISO C Compiler 2.70
Multi Threading....: NO
VM Optimization....: 2

Current Area ......:1

-------------------------- Environmental Information --------------------------

SET ALTERNATE......: OFF
SET ALTFILE........: 
SET AUTOPEN........: ON
SET AUTORDER.......: 0
SET AUTOSHARE......: 0
SET BACKGROUNDTASKS: OFF
SET BACKGROUNDTICK.: 1000
SET BELL...........: OFF
SET BLINK..........: .T.
SET CANCEL.........: ON
SET CENTURY........: OFF
SET COLOR..........: W/N,N/W,N/N,N/N,N/W
SET CONFIRM........: OFF
SET CONSOLE........: ON
SET COUNT..........: 0
SET CURSOR.........: 1
SET DATE FORMAT....: MM/DD/YY
SET DBFLOCKSCHEME..: 0
SET DEBUG..........: OFF
SET DECIMALS.......: 2
SET DEFAULT........: 
SET DEFEXTENSIONS..: ON
SET DELETED........: OFF
SET DELIMCHARS.....: ::
SET DELIMETERS.....: OFF
SET DEVICE.........: SCREEN
SET DIRCASE........: 0
SET DIRSEPARATOR...: \
SET EOL............: 13
SET EPOCH..........: 1900
SET ERRORLOG.......: ERROR.LOG,.F.
SET ERRORLOOP......: 8
SET ESCAPE.........: ON
SET EVENTMASK......: 128
SET EXACT..........: OFF
SET EXCLUSIVE......: ON
SET EXIT...........: OFF
SET EXTRA..........: OFF
SET EXTRAFILE......: 
SET FILECASE.......: 0
SET FIXED..........: OFF
SET FORCEOPT.......: OFF
SET HARDCOMMIT.....: ON
SET IDLEREPEAT.....: ON
SET INSERT.........: OFF
SET INTENSITY......: ON
SET LANGUAGE.......: EN
SET MARGIN.........: 0
SET MBLOCKSIZE.....: 0
SET MCENTER........: OFF
SET MESSAGE........: 0
SET MFILEEXT.......: 
SET OPTIMIZE.......: ON
SET OUTPUTSAFETY...: ON
SET PATH...........: 
SET PRINTER........: OFF
SET PRINTERJOB.....: 
SET PRINTFILE......: PRN
SET SCOREBOARD.....: ON
SET SCROLLBREAK....: ON
SET SOFTSEEK.......: OFF
SET STRICTREAD.....: OFF
SET TRACE..........: ON
SET TRACEFILE......: TRACE.LOG
SET TRACESTACK.....: 2
SET TRIMFILENAME...: .F.
SET TYPEAHEAD......: 50
SET UNIQUE.........: OFF
SET VIDEOMODE......: 0
SET WRAP...........: OFF

-------------------------------------------------------------------------------------------Detailed Work Area Items--------------------------------------------------------------------------------------------


------------------------------------------------------------------------------------ Internal Error Handling Information  -------------------------------------------------------------------------------------

Subsystem Call ....: BASE
System Code .......: 1068
Default Status ....: .F.
Description .......: Argument error
Operation .........: array access
Arguments .........:  [ 1] = Type: U [ 2] = Type: C Val: cep
Involved File .....: 
Dos Error Code ....: 0

 Trace Through:
----------------
CONSULTACEP           :      42 in Module: api_correios.prg
CONSCEP               :      17 in Module: api_correios.prg


############################################################################################## Video Screen Dump ##############################################################################################

+----------------------------------------------------------------------------------------------------------------------------------------------------------------------------------------------------------------+
|----------RESULT----------                                                                                                                                                                                      |
| O CEP enviado foi: 08572-340                                                                                                                                                                                   |
| Corresponde ao Endereço : Rua Campos                                                                                                                                                                           |
| Complemento : NÆo existe complemento cadastrado                                                                                                                                                                |
| Bairro : Vila SÇœo Roberto                                                                                                                                                                                     |
| Cidade : Itaquaquecetuba                                                                                                                                                                                       |
| Estado : SP                                                                                                                                                                                                    |
| DDD : 11                                                                                                                                                                                                       |
| Cod Ibge : 3523107                                                                                                                                                                                             |
|C:\Omie\Dev\api_correios>teste.exe                                                                                                                                                                              |
|                                                                                                                                                                                                                |
| Informe o CEP : 1231                                                                                                                                                                                           |
|----------RESULT----------                                                                                                                                                                                      |
|Error BASE/1068  Argument error: array access Arguments: ( [ 1] = Type: U [ 2] = Type: C Val: cep)                                                                                                              |
|                                                                                                                                                                                                                |
|Error at ...: CONSULTACEP(42) in Module: api_correios.prg                                                                                                                                                       |
|Called from : CONSCEP(17) in Module: api_correios.prg                                                                                                                                                           |
+----------------------------------------------------------------------------------------------------------------------------------------------------------------------------------------------------------------+


